<?xml version="1.0" encoding="UTF-8"?>
<!-- Generated by org.testng.reporters.JUnitXMLReporter -->
<testsuite hostname="abhisheks01" ignored="0" name="Surefire test" tests="3" failures="3" timestamp="15 Feb 2022 20:52:08 GMT" time="48.717" errors="0">
  <testcase name="compare_UI_And_API_Temperature" time="0.182" classname="accuWeatherTestRunner.TestCase_01_UIAndAPI_TemperatureComparison">
    <failure type="java.lang.NullPointerException">
      <![CDATA[java.lang.NullPointerExceptionat utilities.CompareApiAndUiTemperature.compareUiAndApiTemperature(CompareApiAndUiTemperature.java:55)at accuWeatherTestRunner.TestCase_01_UIAndAPI_TemperatureComparison.compare_UI_And_API_Temperature(TestCase_01_UIAndAPI_TemperatureComparison.java:12)... Removed 29 stack frames]]>
    </failure>
  </testcase> <!-- compare_UI_And_API_Temperature -->
  <testcase name="compareUpcomingWeekTemperatureWithToday" time="0.001" classname="accuWeatherTestRunner.TestCase_01_UIAndAPI_TemperatureComparison">
    <failure type="java.lang.NullPointerException">
      <![CDATA[java.lang.NullPointerExceptionat utilities.CompareApiAndUiTemperature.getTemperatureForTodayAndNextSixDays(CompareApiAndUiTemperature.java:43)at accuWeatherTestRunner.TestCase_01_UIAndAPI_TemperatureComparison.compareUpcomingWeekTemperatureWithToday(TestCase_01_UIAndAPI_TemperatureComparison.java:17)... Removed 29 stack frames]]>
    </failure>
  </testcase> <!-- compareUpcomingWeekTemperatureWithToday -->
  <testcase name="comparePastWeekTemperatureWithToday" time="0.0" classname="accuWeatherTestRunner.TestCase_01_UIAndAPI_TemperatureComparison">
    <failure type="java.lang.NullPointerException">
      <![CDATA[java.lang.NullPointerExceptionat utilities.CompareApiAndUiTemperature.getTemperatureForTodayAndLastSixDays(CompareApiAndUiTemperature.java:32)at accuWeatherTestRunner.TestCase_01_UIAndAPI_TemperatureComparison.comparePastWeekTemperatureWithToday(TestCase_01_UIAndAPI_TemperatureComparison.java:22)... Removed 29 stack frames]]>
    </failure>
  </testcase> <!-- comparePastWeekTemperatureWithToday -->
</testsuite> <!-- Surefire test -->
