<?xml version="1.0" encoding="UTF-8"?>
<testsuite xmlns:xsi="http://www.w3.org/2001/XMLSchema-instance" xsi:schemaLocation="https://maven.apache.org/surefire/maven-surefire-plugin/xsd/surefire-test-report.xsd" name="accuWeatherTestRunner.TestCase_01_UIAndAPI_TemperatureComparison" time="49.738" tests="3" errors="0" skipped="0" failures="3">
  <properties>
[...]
</properties>
  <testcase name="compare_UI_And_API_Temperature" classname="accuWeatherTestRunner.TestCase_01_UIAndAPI_TemperatureComparison" time="0.193">
    <failure type="java.lang.NullPointerException">java.lang.NullPointerException
	at accuWeatherTestRunner.TestCase_01_UIAndAPI_TemperatureComparison.compare_UI_And_API_Temperature(TestCase_01_UIAndAPI_TemperatureComparison.java:12)
</failure>
    <system-out><![CDATA[Configuring TestNG with: TestNG60Configurator
Directory already exists: E:\TV_Assignment_git\AccuWeather\ExecutionReport
]]></system-out>
    <system-err><![CDATA[Feb 16, 2022 2:21:19 AM org.openqa.selenium.remote.DesiredCapabilities chrome
INFO: Using `new ChromeOptions()` is preferred to `DesiredCapabilities.chrome()`
Starting ChromeDriver 97.0.4692.71 (adefa7837d02a07a604c1e6eff0b3a09422ab88d-refs/branch-heads/4692@{#1247}) on port 27710
Only local connections are allowed.
Please see https://chromedriver.chromium.org/security-considerations for suggestions on keeping ChromeDriver safe.
ChromeDriver was started successfully.
log4j:WARN No appenders could be found for logger (org.apache.http.client.protocol.RequestAddCookies).
log4j:WARN Please initialize the log4j system properly.
log4j:WARN See http://logging.apache.org/log4j/1.2/faq.html#noconfig for more info.
[1644958284.238][WARNING]: This version of ChromeDriver has not been tested with Chrome version 98.
Feb 16, 2022 2:21:25 AM org.openqa.selenium.remote.ProtocolHandshake createSession
INFO: Detected dialect: W3C
]]></system-err>
  </testcase>
  <testcase name="compareUpcomingWeekTemperatureWithToday" classname="accuWeatherTestRunner.TestCase_01_UIAndAPI_TemperatureComparison" time="0.001">
    <failure type="java.lang.NullPointerException">java.lang.NullPointerException
	at accuWeatherTestRunner.TestCase_01_UIAndAPI_TemperatureComparison.compareUpcomingWeekTemperatureWithToday(TestCase_01_UIAndAPI_TemperatureComparison.java:17)
</failure>
    <system-out><![CDATA[Close the test
]]></system-out>
    <system-err><![CDATA[Feb 16, 2022 2:21:36 AM org.openqa.selenium.remote.DesiredCapabilities chrome
INFO: Using `new ChromeOptions()` is preferred to `DesiredCapabilities.chrome()`
Starting ChromeDriver 97.0.4692.71 (adefa7837d02a07a604c1e6eff0b3a09422ab88d-refs/branch-heads/4692@{#1247}) on port 26036
Only local connections are allowed.
Please see https://chromedriver.chromium.org/security-considerations for suggestions on keeping ChromeDriver safe.
ChromeDriver was started successfully.
[1644958299.752][WARNING]: This version of ChromeDriver has not been tested with Chrome version 98.
Feb 16, 2022 2:21:41 AM org.openqa.selenium.remote.ProtocolHandshake createSession
INFO: Detected dialect: W3C
]]></system-err>
  </testcase>
  <testcase name="comparePastWeekTemperatureWithToday" classname="accuWeatherTestRunner.TestCase_01_UIAndAPI_TemperatureComparison" time="0.001">
    <failure type="java.lang.NullPointerException">java.lang.NullPointerException
	at accuWeatherTestRunner.TestCase_01_UIAndAPI_TemperatureComparison.comparePastWeekTemperatureWithToday(TestCase_01_UIAndAPI_TemperatureComparison.java:22)
</failure>
    <system-out><![CDATA[Close the test
]]></system-out>
    <system-err><![CDATA[Feb 16, 2022 2:21:52 AM org.openqa.selenium.remote.DesiredCapabilities chrome
INFO: Using `new ChromeOptions()` is preferred to `DesiredCapabilities.chrome()`
Starting ChromeDriver 97.0.4692.71 (adefa7837d02a07a604c1e6eff0b3a09422ab88d-refs/branch-heads/4692@{#1247}) on port 20288
Only local connections are allowed.
Please see https://chromedriver.chromium.org/security-considerations for suggestions on keeping ChromeDriver safe.
ChromeDriver was started successfully.
[1644958316.512][WARNING]: This version of ChromeDriver has not been tested with Chrome version 98.
Feb 16, 2022 2:21:57 AM org.openqa.selenium.remote.ProtocolHandshake createSession
INFO: Detected dialect: W3C
]]></system-err>
  </testcase>
</testsuite>