<?xml version="1.0" encoding="UTF-8"?>
<testng-results skipped="0" failed="3" ignored="0" total="3" passed="0">
  <reporter-output>
    <line>
      <![CDATA[Close the test]]>
    </line>
    <line>
      <![CDATA[Close the test]]>
    </line>
    <line>
      <![CDATA[Close the test]]>
    </line>
  </reporter-output>
  <suite name="Surefire suite" duration-ms="48717" started-at="2022-02-15T20:51:19Z" finished-at="2022-02-15T20:52:08Z">
    <groups>
    </groups>
    <test name="Surefire test" duration-ms="48717" started-at="2022-02-15T20:51:19Z" finished-at="2022-02-15T20:52:08Z">
      <class name="accuWeatherTestRunner.TestCase_01_UIAndAPI_TemperatureComparison">
        <test-method status="PASS" signature="clearFoldersAndFiles()[pri:0, instance:accuWeatherTestRunner.TestCase_01_UIAndAPI_TemperatureComparison@51081592]" name="clearFoldersAndFiles" is-config="true" duration-ms="24" started-at="2022-02-16T02:21:19Z" finished-at="2022-02-16T02:21:19Z">
          <reporter-output>
          </reporter-output>
        </test-method> <!-- clearFoldersAndFiles -->
        <test-method status="PASS" signature="openBrowser(int)[pri:0, instance:accuWeatherTestRunner.TestCase_01_UIAndAPI_TemperatureComparison@51081592]" name="openBrowser" is-config="true" duration-ms="14878" started-at="2022-02-16T02:21:19Z" finished-at="2022-02-16T02:21:34Z">
          <params>
            <param index="0">
              <value>
                <![CDATA[10]]>
              </value>
            </param>
          </params>
          <reporter-output>
          </reporter-output>
        </test-method> <!-- openBrowser -->
        <test-method status="FAIL" signature="compare_UI_And_API_Temperature()[pri:1, instance:accuWeatherTestRunner.TestCase_01_UIAndAPI_TemperatureComparison@51081592]" name="compare_UI_And_API_Temperature" duration-ms="182" started-at="2022-02-16T02:21:34Z" finished-at="2022-02-16T02:21:34Z">
          <exception class="java.lang.NullPointerException">
            <full-stacktrace>
              <![CDATA[java.lang.NullPointerExceptionat utilities.CompareApiAndUiTemperature.compareUiAndApiTemperature(CompareApiAndUiTemperature.java:55)at accuWeatherTestRunner.TestCase_01_UIAndAPI_TemperatureComparison.compare_UI_And_API_Temperature(TestCase_01_UIAndAPI_TemperatureComparison.java:12)at sun.reflect.NativeMethodAccessorImpl.invoke0(Native Method)at sun.reflect.NativeMethodAccessorImpl.invoke(NativeMethodAccessorImpl.java:62)at sun.reflect.DelegatingMethodAccessorImpl.invoke(DelegatingMethodAccessorImpl.java:43)at java.lang.reflect.Method.invoke(Method.java:498)at org.testng.internal.MethodInvocationHelper.invokeMethod(MethodInvocationHelper.java:124)at org.testng.internal.Invoker.invokeMethod(Invoker.java:571)at org.testng.internal.Invoker.invokeTestMethod(Invoker.java:707)at org.testng.internal.Invoker.invokeTestMethods(Invoker.java:979)at org.testng.internal.TestMethodWorker.invokeTestMethods(TestMethodWorker.java:125)at org.testng.internal.TestMethodWorker.run(TestMethodWorker.java:109)at org.testng.TestRunner.privateRun(TestRunner.java:648)at org.testng.TestRunner.run(TestRunner.java:505)at org.testng.SuiteRunner.runTest(SuiteRunner.java:455)at org.testng.SuiteRunner.runSequentially(SuiteRunner.java:450)at org.testng.SuiteRunner.privateRun(SuiteRunner.java:415)at org.testng.SuiteRunner.run(SuiteRunner.java:364)at org.testng.SuiteRunnerWorker.runSuite(SuiteRunnerWorker.java:52)at org.testng.SuiteRunnerWorker.run(SuiteRunnerWorker.java:84)at org.testng.TestNG.runSuitesSequentially(TestNG.java:1187)at org.testng.TestNG.runSuitesLocally(TestNG.java:1116)at org.testng.TestNG.runSuites(TestNG.java:1028)at org.testng.TestNG.run(TestNG.java:996)at org.apache.maven.surefire.testng.TestNGExecutor.run(TestNGExecutor.java:132)at org.apache.maven.surefire.testng.TestNGDirectoryTestSuite.executeSingleClass(TestNGDirectoryTestSuite.java:112)at org.apache.maven.surefire.testng.TestNGDirectoryTestSuite.execute(TestNGDirectoryTestSuite.java:99)at org.apache.maven.surefire.testng.TestNGProvider.invoke(TestNGProvider.java:147)at org.apache.maven.surefire.booter.ForkedBooter.invokeProviderInSameClassLoader(ForkedBooter.java:290)at org.apache.maven.surefire.booter.ForkedBooter.runSuitesInProcess(ForkedBooter.java:242)at org.apache.maven.surefire.booter.ForkedBooter.main(ForkedBooter.java:121)]]>
            </full-stacktrace>
          </exception> <!-- java.lang.NullPointerException -->
          <reporter-output>
          </reporter-output>
        </test-method> <!-- compare_UI_And_API_Temperature -->
        <test-method status="PASS" signature="closeBrowser()[pri:0, instance:accuWeatherTestRunner.TestCase_01_UIAndAPI_TemperatureComparison@51081592]" name="closeBrowser" is-config="true" duration-ms="1375" started-at="2022-02-16T02:21:34Z" finished-at="2022-02-16T02:21:36Z">
          <reporter-output>
            <line>
              <![CDATA[Close the test]]>
            </line>
          </reporter-output>
        </test-method> <!-- closeBrowser -->
        <test-method status="PASS" signature="openBrowser(int)[pri:0, instance:accuWeatherTestRunner.TestCase_01_UIAndAPI_TemperatureComparison@51081592]" name="openBrowser" is-config="true" duration-ms="15362" started-at="2022-02-16T02:21:36Z" finished-at="2022-02-16T02:21:51Z">
          <params>
            <param index="0">
              <value>
                <![CDATA[10]]>
              </value>
            </param>
          </params>
          <reporter-output>
          </reporter-output>
        </test-method> <!-- openBrowser -->
        <test-method status="FAIL" signature="compareUpcomingWeekTemperatureWithToday()[pri:2, instance:accuWeatherTestRunner.TestCase_01_UIAndAPI_TemperatureComparison@51081592]" name="compareUpcomingWeekTemperatureWithToday" duration-ms="1" started-at="2022-02-16T02:21:51Z" finished-at="2022-02-16T02:21:51Z">
          <exception class="java.lang.NullPointerException">
            <full-stacktrace>
              <![CDATA[java.lang.NullPointerExceptionat utilities.CompareApiAndUiTemperature.getTemperatureForTodayAndNextSixDays(CompareApiAndUiTemperature.java:43)at accuWeatherTestRunner.TestCase_01_UIAndAPI_TemperatureComparison.compareUpcomingWeekTemperatureWithToday(TestCase_01_UIAndAPI_TemperatureComparison.java:17)at sun.reflect.NativeMethodAccessorImpl.invoke0(Native Method)at sun.reflect.NativeMethodAccessorImpl.invoke(NativeMethodAccessorImpl.java:62)at sun.reflect.DelegatingMethodAccessorImpl.invoke(DelegatingMethodAccessorImpl.java:43)at java.lang.reflect.Method.invoke(Method.java:498)at org.testng.internal.MethodInvocationHelper.invokeMethod(MethodInvocationHelper.java:124)at org.testng.internal.Invoker.invokeMethod(Invoker.java:571)at org.testng.internal.Invoker.invokeTestMethod(Invoker.java:707)at org.testng.internal.Invoker.invokeTestMethods(Invoker.java:979)at org.testng.internal.TestMethodWorker.invokeTestMethods(TestMethodWorker.java:125)at org.testng.internal.TestMethodWorker.run(TestMethodWorker.java:109)at org.testng.TestRunner.privateRun(TestRunner.java:648)at org.testng.TestRunner.run(TestRunner.java:505)at org.testng.SuiteRunner.runTest(SuiteRunner.java:455)at org.testng.SuiteRunner.runSequentially(SuiteRunner.java:450)at org.testng.SuiteRunner.privateRun(SuiteRunner.java:415)at org.testng.SuiteRunner.run(SuiteRunner.java:364)at org.testng.SuiteRunnerWorker.runSuite(SuiteRunnerWorker.java:52)at org.testng.SuiteRunnerWorker.run(SuiteRunnerWorker.java:84)at org.testng.TestNG.runSuitesSequentially(TestNG.java:1187)at org.testng.TestNG.runSuitesLocally(TestNG.java:1116)at org.testng.TestNG.runSuites(TestNG.java:1028)at org.testng.TestNG.run(TestNG.java:996)at org.apache.maven.surefire.testng.TestNGExecutor.run(TestNGExecutor.java:132)at org.apache.maven.surefire.testng.TestNGDirectoryTestSuite.executeSingleClass(TestNGDirectoryTestSuite.java:112)at org.apache.maven.surefire.testng.TestNGDirectoryTestSuite.execute(TestNGDirectoryTestSuite.java:99)at org.apache.maven.surefire.testng.TestNGProvider.invoke(TestNGProvider.java:147)at org.apache.maven.surefire.booter.ForkedBooter.invokeProviderInSameClassLoader(ForkedBooter.java:290)at org.apache.maven.surefire.booter.ForkedBooter.runSuitesInProcess(ForkedBooter.java:242)at org.apache.maven.surefire.booter.ForkedBooter.main(ForkedBooter.java:121)]]>
            </full-stacktrace>
          </exception> <!-- java.lang.NullPointerException -->
          <reporter-output>
          </reporter-output>
        </test-method> <!-- compareUpcomingWeekTemperatureWithToday -->
        <test-method status="PASS" signature="closeBrowser()[pri:0, instance:accuWeatherTestRunner.TestCase_01_UIAndAPI_TemperatureComparison@51081592]" name="closeBrowser" is-config="true" duration-ms="1458" started-at="2022-02-16T02:21:51Z" finished-at="2022-02-16T02:21:52Z">
          <reporter-output>
            <line>
              <![CDATA[Close the test]]>
            </line>
          </reporter-output>
        </test-method> <!-- closeBrowser -->
        <test-method status="PASS" signature="openBrowser(int)[pri:0, instance:accuWeatherTestRunner.TestCase_01_UIAndAPI_TemperatureComparison@51081592]" name="openBrowser" is-config="true" duration-ms="14131" started-at="2022-02-16T02:21:52Z" finished-at="2022-02-16T02:22:07Z">
          <params>
            <param index="0">
              <value>
                <![CDATA[10]]>
              </value>
            </param>
          </params>
          <reporter-output>
          </reporter-output>
        </test-method> <!-- openBrowser -->
        <test-method status="FAIL" signature="comparePastWeekTemperatureWithToday()[pri:3, instance:accuWeatherTestRunner.TestCase_01_UIAndAPI_TemperatureComparison@51081592]" name="comparePastWeekTemperatureWithToday" duration-ms="0" started-at="2022-02-16T02:22:07Z" finished-at="2022-02-16T02:22:07Z">
          <exception class="java.lang.NullPointerException">
            <full-stacktrace>
              <![CDATA[java.lang.NullPointerExceptionat utilities.CompareApiAndUiTemperature.getTemperatureForTodayAndLastSixDays(CompareApiAndUiTemperature.java:32)at accuWeatherTestRunner.TestCase_01_UIAndAPI_TemperatureComparison.comparePastWeekTemperatureWithToday(TestCase_01_UIAndAPI_TemperatureComparison.java:22)at sun.reflect.NativeMethodAccessorImpl.invoke0(Native Method)at sun.reflect.NativeMethodAccessorImpl.invoke(NativeMethodAccessorImpl.java:62)at sun.reflect.DelegatingMethodAccessorImpl.invoke(DelegatingMethodAccessorImpl.java:43)at java.lang.reflect.Method.invoke(Method.java:498)at org.testng.internal.MethodInvocationHelper.invokeMethod(MethodInvocationHelper.java:124)at org.testng.internal.Invoker.invokeMethod(Invoker.java:571)at org.testng.internal.Invoker.invokeTestMethod(Invoker.java:707)at org.testng.internal.Invoker.invokeTestMethods(Invoker.java:979)at org.testng.internal.TestMethodWorker.invokeTestMethods(TestMethodWorker.java:125)at org.testng.internal.TestMethodWorker.run(TestMethodWorker.java:109)at org.testng.TestRunner.privateRun(TestRunner.java:648)at org.testng.TestRunner.run(TestRunner.java:505)at org.testng.SuiteRunner.runTest(SuiteRunner.java:455)at org.testng.SuiteRunner.runSequentially(SuiteRunner.java:450)at org.testng.SuiteRunner.privateRun(SuiteRunner.java:415)at org.testng.SuiteRunner.run(SuiteRunner.java:364)at org.testng.SuiteRunnerWorker.runSuite(SuiteRunnerWorker.java:52)at org.testng.SuiteRunnerWorker.run(SuiteRunnerWorker.java:84)at org.testng.TestNG.runSuitesSequentially(TestNG.java:1187)at org.testng.TestNG.runSuitesLocally(TestNG.java:1116)at org.testng.TestNG.runSuites(TestNG.java:1028)at org.testng.TestNG.run(TestNG.java:996)at org.apache.maven.surefire.testng.TestNGExecutor.run(TestNGExecutor.java:132)at org.apache.maven.surefire.testng.TestNGDirectoryTestSuite.executeSingleClass(TestNGDirectoryTestSuite.java:112)at org.apache.maven.surefire.testng.TestNGDirectoryTestSuite.execute(TestNGDirectoryTestSuite.java:99)at org.apache.maven.surefire.testng.TestNGProvider.invoke(TestNGProvider.java:147)at org.apache.maven.surefire.booter.ForkedBooter.invokeProviderInSameClassLoader(ForkedBooter.java:290)at org.apache.maven.surefire.booter.ForkedBooter.runSuitesInProcess(ForkedBooter.java:242)at org.apache.maven.surefire.booter.ForkedBooter.main(ForkedBooter.java:121)]]>
            </full-stacktrace>
          </exception> <!-- java.lang.NullPointerException -->
          <reporter-output>
          </reporter-output>
        </test-method> <!-- comparePastWeekTemperatureWithToday -->
        <test-method status="PASS" signature="closeBrowser()[pri:0, instance:accuWeatherTestRunner.TestCase_01_UIAndAPI_TemperatureComparison@51081592]" name="closeBrowser" is-config="true" duration-ms="1275" started-at="2022-02-16T02:22:07Z" finished-at="2022-02-16T02:22:08Z">
          <reporter-output>
            <line>
              <![CDATA[Close the test]]>
            </line>
          </reporter-output>
        </test-method> <!-- closeBrowser -->
      </class> <!-- accuWeatherTestRunner.TestCase_01_UIAndAPI_TemperatureComparison -->
    </test> <!-- Surefire test -->
  </suite> <!-- Surefire suite -->
</testng-results>
